Assembler report for scp
Sun Nov 24 21:10:38 2019
Quartus Prime Version 19.1.0 Build 670 09/22/2019 SJ Lite Edition


---------------------
; Table of Contents ;
---------------------
  1. Legal Notice
  2. Assembler Summary
  3. Assembler Settings
  4. Assembler Generated Files
  5. Assembler Device Options: scp.sof
  6. Assembler Messages



----------------
; Legal Notice ;
----------------
Copyright (C) 2019  Intel Corporation. All rights reserved.
Your use of Intel Corporation's design tools, logic functions 
and other software and tools, and any partner logic 
functions, and any output files from any of the foregoing 
(including device programming or simulation files), and any 
associated documentation or information are expressly subject 
to the terms and conditions of the Intel Program License 
Subscription Agreement, the Intel Quartus Prime License Agreement,
the Intel FPGA IP License Agreement, or other applicable license
agreement, including, without limitation, that your use is for
the sole purpose of programming logic devices manufactured by
Intel and sold by Intel or its authorized distributors.  Please
refer to the applicable agreement for further details, at
https://fpgasoftware.intel.com/eula.



+---------------------------------------------------------------+
; Assembler Summary                                             ;
+-----------------------+---------------------------------------+
; Assembler Status      ; Successful - Sun Nov 24 21:10:38 2019 ;
; Revision Name         ; scp                                   ;
; Top-level Entity Name ; scp                                   ;
; Family                ; Cyclone V                             ;
; Device                ; 5CSEMA4U23C6                          ;
+-----------------------+---------------------------------------+


+----------------------------------+
; Assembler Settings               ;
+--------+---------+---------------+
; Option ; Setting ; Default Value ;
+--------+---------+---------------+


+---------------------------------------------------------+
; Assembler Generated Files                               ;
+---------------------------------------------------------+
; File Name                                               ;
+---------------------------------------------------------+
; /home/edward/Documents/scp/quartus/output_files/scp.sof ;
+---------------------------------------------------------+


+-----------------------------------+
; Assembler Device Options: scp.sof ;
+----------------+------------------+
; Option         ; Setting          ;
+----------------+------------------+
; JTAG usercode  ; 0x032094B0       ;
; Checksum       ; 0x032094B0       ;
+----------------+------------------+


+--------------------+
; Assembler Messages ;
+--------------------+
Info: *******************************************************************
Info: Running Quartus Prime Assembler
    Info: Version 19.1.0 Build 670 09/22/2019 SJ Lite Edition
    Info: Processing started: Sun Nov 24 21:10:30 2019
Info: Command: quartus_asm --read_settings_files=off --write_settings_files=off scp -c scp
Warning (125092): Tcl Script File ram/ram_mega.qip not found
    Info (125063): set_global_assignment -name QIP_FILE ram/ram_mega.qip
Info (115030): Assembler is generating device programming files
Info: Quartus Prime Assembler was successful. 0 errors, 1 warning
    Info: Peak virtual memory: 989 megabytes
    Info: Processing ended: Sun Nov 24 21:10:38 2019
    Info: Elapsed time: 00:00:08
    Info: Total CPU time (on all processors): 00:00:08


