MIF/HEX Update report for scp
Mon Jun 18 16:16:12 2018
Quartus Prime Version 17.1.0 Build 590 10/25/2017 SJ Lite Edition


---------------------
; Table of Contents ;
---------------------
  1. Legal Notice
  2. MIF/HEX Update Summary
  3. MIF/HEX Update Processed Files
  4. MIF/HEX Update Messages



----------------
; Legal Notice ;
----------------
Copyright (C) 2017  Intel Corporation. All rights reserved.
Your use of Intel Corporation's design tools, logic functions 
and other software and tools, and its AMPP partner logic 
functions, and any output files from any of the foregoing 
(including device programming or simulation files), and any 
associated documentation or information are expressly subject 
to the terms and conditions of the Intel Program License 
Subscription Agreement, the Intel Quartus Prime License Agreement,
the Intel FPGA IP License Agreement, or other applicable license
agreement, including, without limitation, that your use is for
the sole purpose of programming logic devices manufactured by
Intel and sold by Intel or its authorized distributors.  Please
refer to the applicable agreement for further details.



+-----------------------------------------------------------+
; MIF/HEX Update Summary                                    ;
+-----------------------+-----------------------------------+
; MIF/HEX Update Status ; Failed - Mon Jun 18 16:16:12 2018 ;
; Revision Name         ; scp                               ;
; Top-level Entity Name ; scp                               ;
; Family                ; Cyclone V                         ;
; Device                ; 5CSEMA4U23C6                      ;
+-----------------------+-----------------------------------+


+---------------------------------------------------+
; MIF/HEX Update Processed Files                    ;
+---------------------------------------------------+
; File Name                                         ;
+---------------------------------------------------+
; /home/edward/scp/quartus/decode/rom_mega_cnts.mif ;
+---------------------------------------------------+


+-------------------------+
; MIF/HEX Update Messages ;
+-------------------------+
Info: *******************************************************************
Info: Running Quartus Prime MIF/HEX Update
    Info: Version 17.1.0 Build 590 10/25/2017 SJ Lite Edition
    Info: Processing started: Mon Jun 18 16:16:06 2018
Info: Command: quartus_cdb scp -c scp --update_mif
Warning (39023): Can't find Memory Initialization File charset.mif -- skipped updates for this file
Error (113012): Address at line 65542 exceeds the specified depth (65536) in the Memory Initialization File "ram_mega_cnts.mif" File: /home/edward/scp/quartus/ram/ram_mega_cnts.mif Line: 65542
Error (113000): Memory Initialization File or Hexadecimal (Intel-Format) File "ram_mega_cnts.mif" contains illegal syntax at line 65542 File: /home/edward/scp/quartus/ram/ram_mega_cnts.mif Line: 65542
Critical Warning (127002): Can't read Memory Initialization File or Hexadecimal (Intel-Format) File /home/edward/scp/quartus/ram/ram_mega_cnts.mif -- setting all initial values to 0
Info (39024): Processed the following Memory Initialization File(s)
    Info (39025): Processed Memory Initialization File /home/edward/scp/quartus/decode/rom_mega_cnts.mif File: /home/edward/scp/quartus/decode/rom_mega_cnts.mif Line: 0
Error: Quartus Prime MIF/HEX Update was unsuccessful. 2 errors, 2 warnings
    Error: Peak virtual memory: 1308 megabytes
    Error: Processing ended: Mon Jun 18 16:16:12 2018
    Error: Elapsed time: 00:00:06
    Error: Total CPU time (on all processors): 00:00:05


